<?xml version="1.0" encoding="UTF-8"?>
<testsuite xmlns:xsi="http://www.w3.org/2001/XMLSchema-instance" xsi:noNamespaceSchemaLocation="https://maven.apache.org/surefire/maven-surefire-plugin/xsd/surefire-test-report-3.0.xsd" version="3.0" name="com.virgosol.runners.TestCukesRunnerPW" time="13.912" tests="1" errors="0" skipped="0" failures="0">
  <properties>
[...]
</properties>
  <testcase name="OrangeHRM Login Scenario" classname="Login Scenarios" time="13.298">
    <system-out><![CDATA[
@wip
Scenario: OrangeHRM Login Scenario                                                        &amp#27;[90m# src/test/resources/features/OrangeHRMLogin.feature:8&amp#27;[0m
browserTypeAsString = firefox
  &amp#27;[32mGiven &amp#27;[0m&amp#27;[32m&amp#27;[0m&amp#27;[32m&amp#27;[1m"https://opensource-demo.orangehrmlive.com/web/index.php/auth/login"&amp#27;[0m&amp#27;[32m sitesini aç.&amp#27;[0m &amp#27;[90m# com.virgosol.stepImpl.OrangeLoginStepImpl.sitesini_aç(java.lang.String)&amp#27;[0m
  &amp#27;[32mThen &amp#27;[0m&amp#27;[32mLogin syfasında olduğunu doğrula.&amp#27;[0m                                                  &amp#27;[90m# com.virgosol.stepImpl.OrangeLoginStepImpl.login_syfasında_olduğunu_doğrula()&amp#27;[0m
  &amp#27;[32mAnd &amp#27;[0m&amp#27;[32mEnter username as &amp#27;[0m&amp#27;[32m&amp#27;[1m"Admin"&amp#27;[0m                                                           &amp#27;[90m# com.virgosol.stepImpl.OrangeLoginStepImpl.enter_username_as(java.lang.String)&amp#27;[0m
  &amp#27;[32mAnd &amp#27;[0m&amp#27;[32mEnter password as &amp#27;[0m&amp#27;[32m&amp#27;[1m"admin123"&amp#27;[0m                                                        &amp#27;[90m# com.virgosol.stepImpl.OrangeLoginStepImpl.enter_password_as(java.lang.String)&amp#27;[0m
  &amp#27;[32mAnd &amp#27;[0m&amp#27;[32mClick Login button&amp#27;[0m                                                                  &amp#27;[90m# com.virgosol.stepImpl.OrangeLoginStepImpl.click_login_button()&amp#27;[0m
  &amp#27;[32mThen &amp#27;[0m&amp#27;[32mVerify on login page&amp#27;[0m                                                               &amp#27;[90m# com.virgosol.stepImpl.OrangeLoginStepImpl.verify_on_login_page()&amp#27;[0m
]]></system-out>
  </testcase>
</testsuite>